<?xml version="1.0" encoding="UTF-8"?>
<coverage generated="1609154991175" clover="3.2.0">
  <project timestamp="1609154991175" name="All files">
    <metrics statements="56" coveredstatements="44" conditionals="13" coveredconditionals="6" methods="23" coveredmethods="18" elements="92" coveredelements="68" complexity="0" loc="56" ncloc="56" packages="2" files="8" classes="8"/>
    <package name="chat">
      <metrics statements="49" coveredstatements="37" conditionals="10" coveredconditionals="3" methods="21" coveredmethods="16"/>
      <file name="Chat.js" path="/home/mila/code/studying/webpack-5-spa/src/chat/Chat.js">
        <metrics statements="35" coveredstatements="24" conditionals="8" coveredconditionals="1" methods="13" coveredmethods="9"/>
        <line num="8" count="5" type="stmt"/>
        <line num="44" count="10" type="stmt"/>
        <line num="45" count="10" type="stmt"/>
        <line num="46" count="9" type="stmt"/>
        <line num="47" count="9" type="stmt"/>
        <line num="48" count="15" type="stmt"/>
        <line num="49" count="9" type="stmt"/>
        <line num="51" count="9" type="stmt"/>
        <line num="52" count="6" type="cond" truecount="1" falsecount="1"/>
        <line num="53" count="6" type="stmt"/>
        <line num="57" count="9" type="stmt"/>
        <line num="58" count="3" type="stmt"/>
        <line num="59" count="3" type="stmt"/>
        <line num="60" count="3" type="stmt"/>
        <line num="61" count="3" type="stmt"/>
        <line num="62" count="3" type="stmt"/>
        <line num="63" count="15" type="stmt"/>
        <line num="65" count="3" type="stmt"/>
        <line num="67" count="3" type="stmt"/>
        <line num="68" count="0" type="cond" truecount="0" falsecount="2"/>
        <line num="69" count="0" type="stmt"/>
        <line num="70" count="0" type="cond" truecount="0" falsecount="2"/>
        <line num="71" count="0" type="stmt"/>
        <line num="73" count="0" type="stmt"/>
        <line num="75" count="3" type="stmt"/>
        <line num="78" count="9" type="stmt"/>
        <line num="79" count="0" type="stmt"/>
        <line num="81" count="0" type="stmt"/>
        <line num="84" count="9" type="stmt"/>
        <line num="85" count="0" type="cond" truecount="0" falsecount="2"/>
        <line num="86" count="0" type="stmt"/>
        <line num="88" count="0" type="stmt"/>
        <line num="89" count="0" type="stmt"/>
        <line num="94" count="9" type="stmt"/>
        <line num="102" count="3" type="stmt"/>
      </file>
      <file name="MembersList.js" path="/home/mila/code/studying/webpack-5-spa/src/chat/MembersList.js">
        <metrics statements="6" coveredstatements="6" conditionals="0" coveredconditionals="0" methods="4" coveredmethods="4"/>
        <line num="6" count="9" type="stmt"/>
        <line num="7" count="9" type="stmt"/>
        <line num="9" count="9" type="stmt"/>
        <line num="10" count="1" type="stmt"/>
        <line num="13" count="9" type="stmt"/>
        <line num="17" count="18" type="stmt"/>
      </file>
      <file name="Message.js" path="/home/mila/code/studying/webpack-5-spa/src/chat/Message.js">
        <metrics statements="3" coveredstatements="3" conditionals="2" coveredconditionals="2" methods="2" coveredmethods="2"/>
        <line num="4" count="5" type="stmt"/>
        <line num="22" count="5" type="stmt"/>
        <line num="24" count="5" type="stmt"/>
      </file>
      <file name="api.js" path="/home/mila/code/studying/webpack-5-spa/src/chat/api.js">
        <metrics statements="5" coveredstatements="4" conditionals="0" coveredconditionals="0" methods="2" coveredmethods="1"/>
        <line num="3" count="2" type="stmt"/>
        <line num="5" count="2" type="stmt"/>
        <line num="6" count="6" type="stmt"/>
        <line num="9" count="2" type="stmt"/>
        <line num="10" count="0" type="stmt"/>
      </file>
    </package>
    <package name="redux">
      <metrics statements="7" coveredstatements="7" conditionals="3" coveredconditionals="3" methods="2" coveredmethods="2"/>
      <file name="actionTypes.js" path="/home/mila/code/studying/webpack-5-spa/src/redux/actionTypes.js">
        <metrics statements="1" coveredstatements="1" conditionals="0" coveredconditionals="0" methods="0" coveredmethods="0"/>
        <line num="1" count="2" type="stmt"/>
      </file>
      <file name="actions.js" path="/home/mila/code/studying/webpack-5-spa/src/redux/actions.js">
        <metrics statements="1" coveredstatements="1" conditionals="0" coveredconditionals="0" methods="1" coveredmethods="1"/>
        <line num="3" count="2" type="stmt"/>
      </file>
      <file name="index.js" path="/home/mila/code/studying/webpack-5-spa/src/redux/index.js">
        <metrics statements="1" coveredstatements="1" conditionals="0" coveredconditionals="0" methods="0" coveredmethods="0"/>
        <line num="4" count="2" type="stmt"/>
      </file>
      <file name="reducer.js" path="/home/mila/code/studying/webpack-5-spa/src/redux/reducer.js">
        <metrics statements="4" coveredstatements="4" conditionals="3" coveredconditionals="3" methods="1" coveredmethods="1"/>
        <line num="3" count="2" type="stmt"/>
        <line num="6" count="10" type="cond" truecount="2" falsecount="0"/>
        <line num="8" count="1" type="stmt"/>
        <line num="10" count="9" type="stmt"/>
      </file>
    </package>
  </project>
</coverage>
