{"/home/mila/code/studying/webpack-5-spa/src/chat/Chat.js": {"path":"/home/mila/code/studying/webpack-5-spa/src/chat/Chat.js","statementMap":{"0":{"start":{"line":8,"column":22},"end":{"line":41,"column":3}},"1":{"start":{"line":8,"column":43},"end":{"line":41,"column":1}},"2":{"start":{"line":44,"column":22},"end":{"line":44,"column":44}},"3":{"start":{"line":45,"column":18},"end":{"line":45,"column":33}},"4":{"start":{"line":46,"column":38},"end":{"line":46,"column":50}},"5":{"start":{"line":47,"column":35},"end":{"line":47,"column":47}},"6":{"start":{"line":48,"column":17},"end":{"line":48,"column":51}},"7":{"start":{"line":48,"column":38},"end":{"line":48,"column":50}},"8":{"start":{"line":49,"column":17},"end":{"line":49,"column":39}},"9":{"start":{"line":51,"column":2},"end":{"line":55,"column":30}},"10":{"start":{"line":52,"column":4},"end":{"line":54,"column":5}},"11":{"start":{"line":53,"column":6},"end":{"line":53,"column":22}},"12":{"start":{"line":57,"column":24},"end":{"line":76,"column":4}},"13":{"start":{"line":57,"column":30},"end":{"line":76,"column":4}},"14":{"start":{"line":58,"column":25},"end":{"line":58,"column":46}},"15":{"start":{"line":59,"column":4},"end":{"line":59,"column":30}},"16":{"start":{"line":60,"column":29},"end":{"line":66,"column":6}},"17":{"start":{"line":61,"column":20},"end":{"line":61,"column":22}},"18":{"start":{"line":62,"column":6},"end":{"line":64,"column":9}},"19":{"start":{"line":63,"column":8},"end":{"line":63,"column":58}},"20":{"start":{"line":65,"column":6},"end":{"line":65,"column":21}},"21":{"start":{"line":67,"column":4},"end":{"line":74,"column":7}},"22":{"start":{"line":68,"column":6},"end":{"line":72,"column":7}},"23":{"start":{"line":69,"column":8},"end":{"line":69,"column":17}},"24":{"start":{"line":70,"column":13},"end":{"line":72,"column":7}},"25":{"start":{"line":71,"column":8},"end":{"line":71,"column":18}},"26":{"start":{"line":73,"column":6},"end":{"line":73,"column":15}},"27":{"start":{"line":75,"column":4},"end":{"line":75,"column":34}},"28":{"start":{"line":78,"column":26},"end":{"line":82,"column":3}},"29":{"start":{"line":79,"column":18},"end":{"line":79,"column":30}},"30":{"start":{"line":81,"column":4},"end":{"line":81,"column":25}},"31":{"start":{"line":84,"column":24},"end":{"line":92,"column":3}},"32":{"start":{"line":85,"column":4},"end":{"line":91,"column":5}},"33":{"start":{"line":86,"column":6},"end":{"line":90,"column":11}},"34":{"start":{"line":88,"column":10},"end":{"line":88,"column":28}},"35":{"start":{"line":89,"column":10},"end":{"line":89,"column":26}},"36":{"start":{"line":94,"column":2},"end":{"line":113,"column":4}},"37":{"start":{"line":102,"column":35},"end":{"line":102,"column":105}}},"fnMap":{"0":{"name":"(anonymous_0)","decl":{"start":{"line":8,"column":33},"end":{"line":8,"column":34}},"loc":{"start":{"line":8,"column":43},"end":{"line":41,"column":1}},"line":8},"1":{"name":"Chat","decl":{"start":{"line":43,"column":9},"end":{"line":43,"column":13}},"loc":{"start":{"line":43,"column":16},"end":{"line":114,"column":1}},"line":43},"2":{"name":"(anonymous_2)","decl":{"start":{"line":48,"column":29},"end":{"line":48,"column":30}},"loc":{"start":{"line":48,"column":38},"end":{"line":48,"column":50}},"line":48},"3":{"name":"(anonymous_3)","decl":{"start":{"line":51,"column":12},"end":{"line":51,"column":13}},"loc":{"start":{"line":51,"column":18},"end":{"line":55,"column":3}},"line":51},"4":{"name":"(anonymous_4)","decl":{"start":{"line":57,"column":24},"end":{"line":57,"column":25}},"loc":{"start":{"line":57,"column":30},"end":{"line":76,"column":4}},"line":57},"5":{"name":"(anonymous_5)","decl":{"start":{"line":57,"column":55},"end":{"line":57,"column":56}},"loc":{"start":{"line":57,"column":67},"end":{"line":76,"column":3}},"line":57},"6":{"name":"(anonymous_6)","decl":{"start":{"line":60,"column":46},"end":{"line":60,"column":47}},"loc":{"start":{"line":60,"column":56},"end":{"line":66,"column":5}},"line":60},"7":{"name":"(anonymous_7)","decl":{"start":{"line":62,"column":39},"end":{"line":62,"column":40}},"loc":{"start":{"line":62,"column":48},"end":{"line":64,"column":7}},"line":62},"8":{"name":"(anonymous_8)","decl":{"start":{"line":67,"column":26},"end":{"line":67,"column":27}},"loc":{"start":{"line":67,"column":36},"end":{"line":74,"column":5}},"line":67},"9":{"name":"(anonymous_9)","decl":{"start":{"line":78,"column":26},"end":{"line":78,"column":27}},"loc":{"start":{"line":78,"column":42},"end":{"line":82,"column":3}},"line":78},"10":{"name":"(anonymous_10)","decl":{"start":{"line":84,"column":24},"end":{"line":84,"column":25}},"loc":{"start":{"line":84,"column":29},"end":{"line":92,"column":3}},"line":84},"11":{"name":"(anonymous_11)","decl":{"start":{"line":87,"column":14},"end":{"line":87,"column":15}},"loc":{"start":{"line":87,"column":20},"end":{"line":90,"column":9}},"line":87},"12":{"name":"(anonymous_12)","decl":{"start":{"line":102,"column":24},"end":{"line":102,"column":25}},"loc":{"start":{"line":102,"column":35},"end":{"line":102,"column":105}},"line":102}},"branchMap":{"0":{"loc":{"start":{"line":52,"column":4},"end":{"line":54,"column":5}},"type":"if","locations":[{"start":{"line":52,"column":4},"end":{"line":54,"column":5}},{"start":{"line":52,"column":4},"end":{"line":54,"column":5}}],"line":52},"1":{"loc":{"start":{"line":68,"column":6},"end":{"line":72,"column":7}},"type":"if","locations":[{"start":{"line":68,"column":6},"end":{"line":72,"column":7}},{"start":{"line":68,"column":6},"end":{"line":72,"column":7}}],"line":68},"2":{"loc":{"start":{"line":70,"column":13},"end":{"line":72,"column":7}},"type":"if","locations":[{"start":{"line":70,"column":13},"end":{"line":72,"column":7}},{"start":{"line":70,"column":13},"end":{"line":72,"column":7}}],"line":70},"3":{"loc":{"start":{"line":85,"column":4},"end":{"line":91,"column":5}},"type":"if","locations":[{"start":{"line":85,"column":4},"end":{"line":91,"column":5}},{"start":{"line":85,"column":4},"end":{"line":91,"column":5}}],"line":85}},"s":{"0":2,"1":5,"2":10,"3":10,"4":9,"5":9,"6":9,"7":15,"8":9,"9":9,"10":6,"11":6,"12":9,"13":6,"14":3,"15":3,"16":3,"17":3,"18":3,"19":15,"20":3,"21":3,"22":0,"23":0,"24":0,"25":0,"26":0,"27":3,"28":9,"29":0,"30":0,"31":9,"32":0,"33":0,"34":0,"35":0,"36":9,"37":3},"f":{"0":5,"1":10,"2":15,"3":6,"4":6,"5":3,"6":3,"7":15,"8":0,"9":0,"10":0,"11":0,"12":3},"b":{"0":[6,0],"1":[0,0],"2":[0,0],"3":[0,0]},"_coverageSchema":"1a1c01bbd47fc00a2c39e90264f33305004495a9","hash":"bc84f95fc90b20d518d6f813e3952227c36f421f"}
,"/home/mila/code/studying/webpack-5-spa/src/chat/MembersList.js": {"path":"/home/mila/code/studying/webpack-5-spa/src/chat/MembersList.js","statementMap":{"0":{"start":{"line":6,"column":16},"end":{"line":6,"column":64}},"1":{"start":{"line":7,"column":19},"end":{"line":7,"column":32}},"2":{"start":{"line":9,"column":18},"end":{"line":11,"column":3}},"3":{"start":{"line":10,"column":4},"end":{"line":10,"column":43}},"4":{"start":{"line":13,"column":2},"end":{"line":20,"column":4}},"5":{"start":{"line":17,"column":28},"end":{"line":17,"column":84}},"6":{"start":{"line":17,"column":58},"end":{"line":17,"column":71}}},"fnMap":{"0":{"name":"MembersList","decl":{"start":{"line":5,"column":9},"end":{"line":5,"column":20}},"loc":{"start":{"line":5,"column":23},"end":{"line":21,"column":1}},"line":5},"1":{"name":"(anonymous_1)","decl":{"start":{"line":9,"column":18},"end":{"line":9,"column":19}},"loc":{"start":{"line":9,"column":30},"end":{"line":11,"column":3}},"line":9},"2":{"name":"(anonymous_2)","decl":{"start":{"line":17,"column":20},"end":{"line":17,"column":21}},"loc":{"start":{"line":17,"column":28},"end":{"line":17,"column":84}},"line":17},"3":{"name":"(anonymous_3)","decl":{"start":{"line":17,"column":52},"end":{"line":17,"column":53}},"loc":{"start":{"line":17,"column":58},"end":{"line":17,"column":71}},"line":17}},"branchMap":{},"s":{"0":9,"1":9,"2":9,"3":1,"4":9,"5":18,"6":1},"f":{"0":9,"1":1,"2":18,"3":1},"b":{},"_coverageSchema":"1a1c01bbd47fc00a2c39e90264f33305004495a9","hash":"7ade6173c5fce9975c6d34883f6771c1a0989c51"}
,"/home/mila/code/studying/webpack-5-spa/src/chat/Message.js": {"path":"/home/mila/code/studying/webpack-5-spa/src/chat/Message.js","statementMap":{"0":{"start":{"line":4,"column":25},"end":{"line":19,"column":3}},"1":{"start":{"line":4,"column":46},"end":{"line":19,"column":1}},"2":{"start":{"line":22,"column":18},"end":{"line":22,"column":36}},"3":{"start":{"line":24,"column":2},"end":{"line":28,"column":4}}},"fnMap":{"0":{"name":"(anonymous_0)","decl":{"start":{"line":4,"column":36},"end":{"line":4,"column":37}},"loc":{"start":{"line":4,"column":46},"end":{"line":19,"column":1}},"line":4},"1":{"name":"Message","decl":{"start":{"line":21,"column":9},"end":{"line":21,"column":16}},"loc":{"start":{"line":21,"column":34},"end":{"line":29,"column":1}},"line":21}},"branchMap":{"0":{"loc":{"start":{"line":25,"column":38},"end":{"line":25,"column":58}},"type":"binary-expr","locations":[{"start":{"line":25,"column":38},"end":{"line":25,"column":42}},{"start":{"line":25,"column":46},"end":{"line":25,"column":58}}],"line":25}},"s":{"0":3,"1":5,"2":5,"3":5},"f":{"0":5,"1":5},"b":{"0":[5,4]},"_coverageSchema":"1a1c01bbd47fc00a2c39e90264f33305004495a9","hash":"1675a5bb9626445d2a4b68d6b28045978fa997ae"}
,"/home/mila/code/studying/webpack-5-spa/src/chat/api.js": {"path":"/home/mila/code/studying/webpack-5-spa/src/chat/api.js","statementMap":{"0":{"start":{"line":3,"column":2},"end":{"line":3,"column":90}},"1":{"start":{"line":5,"column":27},"end":{"line":7,"column":1}},"2":{"start":{"line":6,"column":2},"end":{"line":6,"column":58}},"3":{"start":{"line":9,"column":27},"end":{"line":17,"column":1}},"4":{"start":{"line":10,"column":2},"end":{"line":16,"column":5}}},"fnMap":{"0":{"name":"(anonymous_0)","decl":{"start":{"line":5,"column":27},"end":{"line":5,"column":28}},"loc":{"start":{"line":5,"column":39},"end":{"line":7,"column":1}},"line":5},"1":{"name":"(anonymous_1)","decl":{"start":{"line":9,"column":27},"end":{"line":9,"column":28}},"loc":{"start":{"line":9,"column":56},"end":{"line":17,"column":1}},"line":9}},"branchMap":{},"s":{"0":2,"1":2,"2":6,"3":2,"4":0},"f":{"0":6,"1":0},"b":{},"_coverageSchema":"1a1c01bbd47fc00a2c39e90264f33305004495a9","hash":"f02f8398a098ac6b1213fde46d0c117575843674"}
,"/home/mila/code/studying/webpack-5-spa/src/redux/actionTypes.js": {"path":"/home/mila/code/studying/webpack-5-spa/src/redux/actionTypes.js","statementMap":{"0":{"start":{"line":1,"column":29},"end":{"line":1,"column":44}}},"fnMap":{},"branchMap":{},"s":{"0":2},"f":{},"b":{},"_coverageSchema":"1a1c01bbd47fc00a2c39e90264f33305004495a9","hash":"00eea19eb016add6f41e3343d8352aef651d9a7f"}
,"/home/mila/code/studying/webpack-5-spa/src/redux/actions.js": {"path":"/home/mila/code/studying/webpack-5-spa/src/redux/actions.js","statementMap":{"0":{"start":{"line":3,"column":28},"end":{"line":8,"column":2}},"1":{"start":{"line":3,"column":35},"end":{"line":8,"column":1}}},"fnMap":{"0":{"name":"(anonymous_0)","decl":{"start":{"line":3,"column":28},"end":{"line":3,"column":29}},"loc":{"start":{"line":3,"column":35},"end":{"line":8,"column":1}},"line":3}},"branchMap":{},"s":{"0":2,"1":1},"f":{"0":1},"b":{},"_coverageSchema":"1a1c01bbd47fc00a2c39e90264f33305004495a9","hash":"11d22a89e145e0cd99a43db284fa1ade526f83f4"}
,"/home/mila/code/studying/webpack-5-spa/src/redux/index.js": {"path":"/home/mila/code/studying/webpack-5-spa/src/redux/index.js","statementMap":{"0":{"start":{"line":4,"column":20},"end":{"line":4,"column":54}}},"fnMap":{},"branchMap":{},"s":{"0":2},"f":{},"b":{},"_coverageSchema":"1a1c01bbd47fc00a2c39e90264f33305004495a9","hash":"80409fada12f719a498ece125e5d23ebc07beea7"}
,"/home/mila/code/studying/webpack-5-spa/src/redux/reducer.js": {"path":"/home/mila/code/studying/webpack-5-spa/src/redux/reducer.js","statementMap":{"0":{"start":{"line":3,"column":21},"end":{"line":3,"column":43}},"1":{"start":{"line":6,"column":2},"end":{"line":11,"column":3}},"2":{"start":{"line":8,"column":6},"end":{"line":8,"column":31}},"3":{"start":{"line":10,"column":6},"end":{"line":10,"column":19}}},"fnMap":{"0":{"name":"reducer","decl":{"start":{"line":5,"column":9},"end":{"line":5,"column":16}},"loc":{"start":{"line":5,"column":47},"end":{"line":12,"column":1}},"line":5}},"branchMap":{"0":{"loc":{"start":{"line":5,"column":17},"end":{"line":5,"column":37}},"type":"default-arg","locations":[{"start":{"line":5,"column":25},"end":{"line":5,"column":37}}],"line":5},"1":{"loc":{"start":{"line":6,"column":2},"end":{"line":11,"column":3}},"type":"switch","locations":[{"start":{"line":7,"column":4},"end":{"line":8,"column":31}},{"start":{"line":9,"column":4},"end":{"line":10,"column":19}}],"line":6}},"s":{"0":2,"1":10,"2":1,"3":9},"f":{"0":10},"b":{"0":[8],"1":[1,9]},"_coverageSchema":"1a1c01bbd47fc00a2c39e90264f33305004495a9","hash":"62a4460c8caa8764d34572adf0f292474e30d772"}
}
