TN:
SF:src/chat/Chat.js
FN:8,(anonymous_0)
FN:43,Chat
FN:48,(anonymous_2)
FN:51,(anonymous_3)
FN:57,(anonymous_4)
FN:57,(anonymous_5)
FN:60,(anonymous_6)
FN:62,(anonymous_7)
FN:67,(anonymous_8)
FN:78,(anonymous_9)
FN:84,(anonymous_10)
FN:87,(anonymous_11)
FN:102,(anonymous_12)
FNF:13
FNH:9
FNDA:5,(anonymous_0)
FNDA:10,Chat
FNDA:15,(anonymous_2)
FNDA:6,(anonymous_3)
FNDA:6,(anonymous_4)
FNDA:3,(anonymous_5)
FNDA:3,(anonymous_6)
FNDA:15,(anonymous_7)
FNDA:0,(anonymous_8)
FNDA:0,(anonymous_9)
FNDA:0,(anonymous_10)
FNDA:0,(anonymous_11)
FNDA:3,(anonymous_12)
DA:8,5
DA:44,10
DA:45,10
DA:46,9
DA:47,9
DA:48,15
DA:49,9
DA:51,9
DA:52,6
DA:53,6
DA:57,9
DA:58,3
DA:59,3
DA:60,3
DA:61,3
DA:62,3
DA:63,15
DA:65,3
DA:67,3
DA:68,0
DA:69,0
DA:70,0
DA:71,0
DA:73,0
DA:75,3
DA:78,9
DA:79,0
DA:81,0
DA:84,9
DA:85,0
DA:86,0
DA:88,0
DA:89,0
DA:94,9
DA:102,3
LF:35
LH:24
BRDA:52,0,0,6
BRDA:52,0,1,0
BRDA:68,1,0,0
BRDA:68,1,1,0
BRDA:70,2,0,0
BRDA:70,2,1,0
BRDA:85,3,0,0
BRDA:85,3,1,0
BRF:8
BRH:1
end_of_record
TN:
SF:src/chat/MembersList.js
FN:5,MembersList
FN:9,(anonymous_1)
FN:17,(anonymous_2)
FN:17,(anonymous_3)
FNF:4
FNH:4
FNDA:9,MembersList
FNDA:1,(anonymous_1)
FNDA:18,(anonymous_2)
FNDA:1,(anonymous_3)
DA:6,9
DA:7,9
DA:9,9
DA:10,1
DA:13,9
DA:17,18
LF:6
LH:6
BRF:0
BRH:0
end_of_record
TN:
SF:src/chat/Message.js
FN:4,(anonymous_0)
FN:21,Message
FNF:2
FNH:2
FNDA:5,(anonymous_0)
FNDA:5,Message
DA:4,5
DA:22,5
DA:24,5
LF:3
LH:3
BRDA:25,0,0,5
BRDA:25,0,1,4
BRF:2
BRH:2
end_of_record
TN:
SF:src/chat/api.js
FN:5,(anonymous_0)
FN:9,(anonymous_1)
FNF:2
FNH:1
FNDA:6,(anonymous_0)
FNDA:0,(anonymous_1)
DA:3,2
DA:5,2
DA:6,6
DA:9,2
DA:10,0
LF:5
LH:4
BRF:0
BRH:0
end_of_record
TN:
SF:src/redux/actionTypes.js
FNF:0
FNH:0
DA:1,2
LF:1
LH:1
BRF:0
BRH:0
end_of_record
TN:
SF:src/redux/actions.js
FN:3,(anonymous_0)
FNF:1
FNH:1
FNDA:1,(anonymous_0)
DA:3,2
LF:1
LH:1
BRF:0
BRH:0
end_of_record
TN:
SF:src/redux/index.js
FNF:0
FNH:0
DA:4,2
LF:1
LH:1
BRF:0
BRH:0
end_of_record
TN:
SF:src/redux/reducer.js
FN:5,reducer
FNF:1
FNH:1
FNDA:10,reducer
DA:3,2
DA:6,10
DA:8,1
DA:10,9
LF:4
LH:4
BRDA:5,0,0,8
BRDA:6,1,0,1
BRDA:6,1,1,9
BRF:3
BRH:3
end_of_record
